<?xml version="1.0" encoding="UTF-8"?>
<!-- Generated by org.testng.reporters.JUnitReportReporter -->
<testsuite hostname="Madhiseelans-MacBook-Air.local" failures="0" tests="3" name="com.demorestassured.DynamicJson" time="3.724" errors="0" timestamp="2025-09-18T14:45:56 EDT" skipped="0">
  <testcase classname="com.demorestassured.DynamicJson" name="addBook" time="1.766"/>
  <testcase classname="com.demorestassured.DynamicJson" name="addBook" time="0.948"/>
  <testcase classname="com.demorestassured.DynamicJson" name="addBook" time="1.010"/>
</testsuite> <!-- com.demorestassured.DynamicJson -->
