<?xml version="1.0" encoding="UTF-8"?>
<!-- Generated by org.testng.reporters.JUnitReportReporter -->
<testsuite hostname="Madhiseelans-MacBook-Air.local" failures="0" tests="1" name="com.demorestassured.SumValidation" time="0.553" errors="0" timestamp="2025-09-13T20:25:32 EDT" skipped="0">
  <testcase classname="com.demorestassured.SumValidation" name="sumOfCourses" time="0.553"/>
</testsuite> <!-- com.demorestassured.SumValidation -->
